<?xml version="1.0" encoding="UTF-8"?>
<coverage generated="1660897511496" clover="3.2.0">
  <project timestamp="1660897511503" name="All files">
    <metrics statements="17" coveredstatements="17" conditionals="10" coveredconditionals="9" methods="3" coveredmethods="3" elements="30" coveredelements="29" complexity="0" loc="17" ncloc="17" packages="1" files="1" classes="1"/>
    <file name="index.js" path="C:\Users\beloy\Desktop\Проекты\objectSort\src\index.js">
      <metrics statements="17" coveredstatements="17" conditionals="10" coveredconditionals="9" methods="3" coveredmethods="3"/>
      <line num="1" count="1" type="stmt"/>
      <line num="10" count="3" type="stmt"/>
      <line num="11" count="3" type="stmt"/>
      <line num="12" count="3" type="cond" truecount="2" falsecount="0"/>
      <line num="13" count="1" type="stmt"/>
      <line num="14" count="5" type="stmt"/>
      <line num="16" count="9" type="cond" truecount="2" falsecount="0"/>
      <line num="18" count="2" type="stmt"/>
      <line num="19" count="4" type="stmt"/>
      <line num="20" count="4" type="cond" truecount="1" falsecount="1"/>
      <line num="21" count="4" type="stmt"/>
      <line num="24" count="2" type="stmt"/>
      <line num="25" count="10" type="cond" truecount="2" falsecount="0"/>
      <line num="26" count="6" type="stmt"/>
      <line num="28" count="10" type="cond" truecount="2" falsecount="0"/>
      <line num="31" count="3" type="stmt"/>
      <line num="34" count="1" type="stmt"/>
    </file>
  </project>
</coverage>
