{"C:\\Users\\beloy\\Desktop\\Проекты\\objectSort\\src\\index.js": {"path":"C:\\Users\\beloy\\Desktop\\Проекты\\objectSort\\src\\index.js","statementMap":{"0":{"start":{"line":1,"column":12},"end":{"line":7,"column":1}},"1":{"start":{"line":10,"column":19},"end":{"line":10,"column":21}},"2":{"start":{"line":11,"column":20},"end":{"line":11,"column":22}},"3":{"start":{"line":12,"column":2},"end":{"line":30,"column":3}},"4":{"start":{"line":13,"column":4},"end":{"line":15,"column":5}},"5":{"start":{"line":14,"column":6},"end":{"line":14,"column":47}},"6":{"start":{"line":16,"column":4},"end":{"line":16,"column":55}},"7":{"start":{"line":16,"column":30},"end":{"line":16,"column":52}},"8":{"start":{"line":18,"column":4},"end":{"line":23,"column":5}},"9":{"start":{"line":19,"column":20},"end":{"line":19,"column":26}},"10":{"start":{"line":20,"column":6},"end":{"line":22,"column":7}},"11":{"start":{"line":21,"column":8},"end":{"line":21,"column":57}},"12":{"start":{"line":24,"column":4},"end":{"line":29,"column":5}},"13":{"start":{"line":25,"column":8},"end":{"line":27,"column":7}},"14":{"start":{"line":26,"column":10},"end":{"line":26,"column":51}},"15":{"start":{"line":28,"column":6},"end":{"line":28,"column":57}},"16":{"start":{"line":28,"column":32},"end":{"line":28,"column":54}},"17":{"start":{"line":31,"column":2},"end":{"line":31,"column":37}},"18":{"start":{"line":34,"column":0},"end":{"line":34,"column":50}}},"fnMap":{"0":{"name":"orderByProps","decl":{"start":{"line":9,"column":24},"end":{"line":9,"column":36}},"loc":{"start":{"line":9,"column":47},"end":{"line":32,"column":1}},"line":9},"1":{"name":"(anonymous_1)","decl":{"start":{"line":16,"column":19},"end":{"line":16,"column":20}},"loc":{"start":{"line":16,"column":30},"end":{"line":16,"column":52}},"line":16},"2":{"name":"(anonymous_2)","decl":{"start":{"line":28,"column":21},"end":{"line":28,"column":22}},"loc":{"start":{"line":28,"column":32},"end":{"line":28,"column":54}},"line":28}},"branchMap":{"0":{"loc":{"start":{"line":12,"column":2},"end":{"line":30,"column":3}},"type":"if","locations":[{"start":{"line":12,"column":2},"end":{"line":30,"column":3}},{"start":{"line":17,"column":9},"end":{"line":30,"column":3}}],"line":12},"1":{"loc":{"start":{"line":16,"column":30},"end":{"line":16,"column":52}},"type":"cond-expr","locations":[{"start":{"line":16,"column":46},"end":{"line":16,"column":47}},{"start":{"line":16,"column":50},"end":{"line":16,"column":52}}],"line":16},"2":{"loc":{"start":{"line":20,"column":6},"end":{"line":22,"column":7}},"type":"if","locations":[{"start":{"line":20,"column":6},"end":{"line":22,"column":7}},{"start":{},"end":{}}],"line":20},"3":{"loc":{"start":{"line":25,"column":8},"end":{"line":27,"column":7}},"type":"if","locations":[{"start":{"line":25,"column":8},"end":{"line":27,"column":7}},{"start":{},"end":{}}],"line":25},"4":{"loc":{"start":{"line":28,"column":32},"end":{"line":28,"column":54}},"type":"cond-expr","locations":[{"start":{"line":28,"column":48},"end":{"line":28,"column":49}},{"start":{"line":28,"column":52},"end":{"line":28,"column":54}}],"line":28}},"s":{"0":1,"1":3,"2":3,"3":3,"4":1,"5":5,"6":1,"7":9,"8":2,"9":4,"10":4,"11":4,"12":2,"13":10,"14":6,"15":10,"16":10,"17":3,"18":1},"f":{"0":3,"1":9,"2":10},"b":{"0":[1,2],"1":[3,6],"2":[4,0],"3":[6,4],"4":[4,6]},"_coverageSchema":"1a1c01bbd47fc00a2c39e90264f33305004495a9","hash":"7a52cfedb4bf59bc04e8dff25f4587b4f5ef51bf"}
}
